2019-12-07 10:13:01,765 INFO o.a.j.u.JMeterUtils: Setting Locale to en_EN
2019-12-07 10:13:01,805 INFO o.a.j.JMeter: Loading user properties from: user.properties
2019-12-07 10:13:01,807 INFO o.a.j.JMeter: Loading system properties from: /Users/bneutra/mps/load-testing/apache-jmeter-5.1/bin/system.properties
2019-12-07 10:13:01,814 INFO o.a.j.JMeter: Copyright (c) 1998-2019 The Apache Software Foundation
2019-12-07 10:13:01,814 INFO o.a.j.JMeter: Version 5.1 r1853635
2019-12-07 10:13:01,814 INFO o.a.j.JMeter: java.version=11.0.1
2019-12-07 10:13:01,814 INFO o.a.j.JMeter: java.vm.name=OpenJDK 64-Bit Server VM
2019-12-07 10:13:01,814 INFO o.a.j.JMeter: os.name=Mac OS X
2019-12-07 10:13:01,814 INFO o.a.j.JMeter: os.arch=x86_64
2019-12-07 10:13:01,814 INFO o.a.j.JMeter: os.version=10.14.6
2019-12-07 10:13:01,814 INFO o.a.j.JMeter: file.encoding=UTF-8
2019-12-07 10:13:01,814 INFO o.a.j.JMeter: java.awt.headless=true
2019-12-07 10:13:01,814 INFO o.a.j.JMeter: Max memory     =1073741824
2019-12-07 10:13:01,814 INFO o.a.j.JMeter: Available Processors =8
2019-12-07 10:13:01,826 INFO o.a.j.JMeter: Default Locale=English (EN)
2019-12-07 10:13:01,827 INFO o.a.j.JMeter: JMeter  Locale=English (EN)
2019-12-07 10:13:01,827 INFO o.a.j.JMeter: JMeterHome=/Users/bneutra/mps/load-testing/apache-jmeter-5.1
2019-12-07 10:13:01,827 INFO o.a.j.JMeter: user.dir  =/Users/bneutra/nava/docker-jmeter
2019-12-07 10:13:01,827 INFO o.a.j.JMeter: PWD       =/Users/bneutra/nava/docker-jmeter
2019-12-07 10:13:01,834 INFO o.a.j.JMeter: IP: 192.168.86.29 Name: brendanmacbook2.lan FullName: brendanmacbook2.lan
2019-12-07 10:13:01,838 INFO o.a.j.s.FileServer: Default base='/Users/bneutra/nava/docker-jmeter'
2019-12-07 10:13:01,840 INFO o.a.j.s.FileServer: Set new base='/Users/bneutra/nava/docker-jmeter'
2019-12-07 10:13:02,043 INFO o.a.j.s.SaveService: Testplan (JMX) version: 2.2. Testlog (JTL) version: 2.2
2019-12-07 10:13:02,073 INFO o.a.j.s.SaveService: Using SaveService properties version 5.0
2019-12-07 10:13:02,076 INFO o.a.j.s.SaveService: Using SaveService properties file encoding UTF-8
2019-12-07 10:13:02,079 INFO o.a.j.s.SaveService: Loading file: ruby-jmeter.jmx
2019-12-07 10:13:02,126 INFO o.a.j.p.h.s.HTTPSamplerBase: Parser for text/html is org.apache.jmeter.protocol.http.parser.LagartoBasedHtmlParser
2019-12-07 10:13:02,126 INFO o.a.j.p.h.s.HTTPSamplerBase: Parser for application/xhtml+xml is org.apache.jmeter.protocol.http.parser.LagartoBasedHtmlParser
2019-12-07 10:13:02,127 INFO o.a.j.p.h.s.HTTPSamplerBase: Parser for application/xml is org.apache.jmeter.protocol.http.parser.LagartoBasedHtmlParser
2019-12-07 10:13:02,127 INFO o.a.j.p.h.s.HTTPSamplerBase: Parser for text/xml is org.apache.jmeter.protocol.http.parser.LagartoBasedHtmlParser
2019-12-07 10:13:02,127 INFO o.a.j.p.h.s.HTTPSamplerBase: Parser for text/vnd.wap.wml is org.apache.jmeter.protocol.http.parser.RegexpHTMLParser
2019-12-07 10:13:02,127 INFO o.a.j.p.h.s.HTTPSamplerBase: Parser for text/css is org.apache.jmeter.protocol.http.parser.CssParser
2019-12-07 10:13:02,141 INFO o.a.j.JMeter: Creating summariser <summary>
2019-12-07 10:13:02,152 INFO o.a.j.e.StandardJMeterEngine: Running the test!
2019-12-07 10:13:02,158 INFO o.a.j.s.SampleEvent: List of sample_variables: []
2019-12-07 10:13:02,158 INFO o.a.j.s.SampleEvent: List of sample_variables: []
2019-12-07 10:13:02,166 INFO o.a.j.e.u.CompoundVariable: Note: Function class names must contain the string: '.functions.'
2019-12-07 10:13:02,166 INFO o.a.j.e.u.CompoundVariable: Note: Function class names must not contain the string: '.gui.'
2019-12-07 10:13:02,543 INFO o.a.j.JMeter: Running test (1575742382543)
2019-12-07 10:13:02,557 INFO o.a.j.e.StandardJMeterEngine: Starting ThreadGroup: 1 : ThreadGroup
2019-12-07 10:13:02,557 INFO o.a.j.e.StandardJMeterEngine: Starting 2 threads for group ThreadGroup.
2019-12-07 10:13:02,557 INFO o.a.j.e.StandardJMeterEngine: Thread will continue on error
2019-12-07 10:13:02,558 INFO o.a.j.t.ThreadGroup: Starting thread group... number=1 threads=2 ramp-up=1 perThread=500.0 delayedStart=true
2019-12-07 10:13:02,558 INFO o.a.j.t.ThreadGroup: Started thread group number 1
2019-12-07 10:13:02,558 INFO o.a.j.e.StandardJMeterEngine: All thread groups have been started
2019-12-07 10:13:02,565 INFO o.a.j.t.JMeterThread: Thread started: ThreadGroup 1-1
2019-12-07 10:13:02,592 INFO o.a.j.p.h.s.HTTPHCAbstractImpl: Local host = brendanmacbook2.lan
2019-12-07 10:13:02,601 INFO o.a.j.p.h.s.HTTPHC4Impl: HTTP request retry count = 0
2019-12-07 10:13:02,603 INFO o.a.j.s.SampleResult: Note: Sample TimeStamps are START times
2019-12-07 10:13:02,603 INFO o.a.j.s.SampleResult: sampleresult.default.encoding is set to ISO-8859-1
2019-12-07 10:13:02,603 INFO o.a.j.s.SampleResult: sampleresult.useNanoTime=true
2019-12-07 10:13:02,603 INFO o.a.j.s.SampleResult: sampleresult.nanoThreadSleep=5000
2019-12-07 10:13:02,789 INFO o.a.j.p.h.s.h.LazyLayeredConnectionSocketFactory: Setting up HTTPS TrustAll Socket Factory
2019-12-07 10:13:02,796 INFO o.a.j.u.JsseSSLManager: Using default SSL protocol: TLS
2019-12-07 10:13:02,797 INFO o.a.j.u.JsseSSLManager: SSL session context: per-thread
2019-12-07 10:13:02,991 INFO o.a.j.u.SSLManager: JmeterKeyStore Location:  type JKS
2019-12-07 10:13:02,996 INFO o.a.j.u.SSLManager: KeyStore created OK
2019-12-07 10:13:02,996 WARN o.a.j.u.SSLManager: Keystore file not found, loading empty keystore
2019-12-07 10:13:03,066 INFO o.a.j.t.JMeterThread: Thread started: ThreadGroup 1-2
2019-12-07 10:13:03,442 INFO o.a.j.r.Summariser: summary +      1 in 00:00:01 =    1.1/s Avg:   735 Min:   735 Max:   735 Err:     0 (0.00%) Active: 2 Started: 2 Finished: 0
2019-12-07 10:13:22,830 INFO o.a.j.t.JMeterThread: Stopping because end time detected by thread: ThreadGroup 1-2
2019-12-07 10:13:22,830 INFO o.a.j.t.JMeterThread: Thread finished: ThreadGroup 1-2
2019-12-07 10:13:22,830 INFO o.a.j.t.JMeterThread: Stopping because end time detected by thread: ThreadGroup 1-1
2019-12-07 10:13:22,830 INFO o.a.j.t.JMeterThread: Thread finished: ThreadGroup 1-1
2019-12-07 10:13:22,831 INFO o.a.j.e.StandardJMeterEngine: Notifying test listeners of end of test
2019-12-07 10:13:22,833 INFO o.a.j.r.Summariser: summary +     41 in 00:00:19 =    2.1/s Avg:   276 Min:   263 Max:   360 Err:     0 (0.00%) Active: 0 Started: 2 Finished: 2
2019-12-07 10:13:22,834 INFO o.a.j.r.Summariser: summary =     42 in 00:00:20 =    2.1/s Avg:   287 Min:   263 Max:   735 Err:     0 (0.00%)
